  MultiLidarCalib.cpp
  Unknown compiler version - please run the configure tests and report the results
c:\users\jlurobot\pcl 1.8.1\include\pcl-1.8\pcl\point_traits.h : warning C4819: 该文件包含不能在当前代码页(936)中表示的字符。请将该文件保存为 Unicode 格式以防止数据丢失
c:\users\jlurobot\pcl 1.8.1\3rdparty\boost\include\boost-1_64\boost\iostreams\positioning.hpp(96): error C4996: 'std::fpos<_Mbstatet>::seekpos': warning STL4019: The member std::fpos::seekpos() is non-Standard, and is preserved only for compatibility with workarounds for old versions of Visual C++. It will be removed in a future release, and in this release always returns 0. Please use standards-conforming mechanisms to manipulate fpos, such as conversions to and from streamoff, or an integral type, instead. If you are receiving this message while compiling Boost.IOStreams, a fix has been submitted upstream to make Boost use standards-conforming mechanisms, as it does for other compilers. You can define _SILENCE_FPOS_SEEKPOS_DEPRECATION_WARNING to acknowledge that you have received this warning, or define _REMOVE_FPOS_SEEKPOS to remove std::fpos::seekpos entirely.
  c:\program files (x86)\microsoft visual studio\2017\community\vc\tools\msvc\14.16.27023\include\iosfwd(59): note: 参见“std::fpos<_Mbstatet>::seekpos”的声明
c:\users\jlurobot\pcl 1.8.1\include\pcl-1.8\pcl\sample_consensus\ransac.h : warning C4819: 该文件包含不能在当前代码页(936)中表示的字符。请将该文件保存为 Unicode 格式以防止数据丢失
c:\users\jlurobot\pcl 1.8.1\include\pcl-1.8\pcl\sample_consensus\model_types.h(99): error C4996: 'pcl::SAC_SAMPLE_SIZE': This map is deprecated and is kept only to prevent breaking existing user code. Starting from PCL 1.8.0 model sample size is a protected member of the SampleConsensusModel class
  c:\users\jlurobot\pcl 1.8.1\include\pcl-1.8\pcl\sample_consensus\model_types.h(99): note: 参见“pcl::SAC_SAMPLE_SIZE”的声明
c:\users\jlurobot\pcl 1.8.1\include\pcl-1.8\pcl\sample_consensus\sac_model_registration.h : warning C4819: 该文件包含不能在当前代码页(936)中表示的字符。请将该文件保存为 Unicode 格式以防止数据丢失
c:\users\jlurobot\pcl 1.8.1\include\pcl-1.8\pcl\sample_consensus\sac_model_registration.h : warning C4819: 该文件包含不能在当前代码页(936)中表示的字符。请将该文件保存为 Unicode 格式以防止数据丢失
c:\users\jlurobot\pcl 1.8.1\3rdparty\boost\include\boost-1_64\boost\typeof\msvc\typeof_impl.hpp(125): error C2988: 不可识别的模板声明/定义
  c:\users\jlurobot\pcl 1.8.1\3rdparty\boost\include\boost-1_64\boost\typeof\msvc\typeof_impl.hpp(133): note: 参见对正在编译的 类 模板 实例化 "boost::type_of::msvc_extract_type<ID,T>" 的引用
  c:\users\jlurobot\pcl 1.8.1\3rdparty\boost\include\boost-1_64\boost\bind\placeholders.hpp(54): note: 参见对正在编译的 类 模板 实例化 "boost::arg<9>" 的引用
  c:\users\jlurobot\pcl 1.8.1\3rdparty\boost\include\boost-1_64\boost\bind\placeholders.hpp(53): note: 参见对正在编译的 类 模板 实例化 "boost::arg<8>" 的引用
  c:\users\jlurobot\pcl 1.8.1\3rdparty\boost\include\boost-1_64\boost\bind\placeholders.hpp(52): note: 参见对正在编译的 类 模板 实例化 "boost::arg<7>" 的引用
  c:\users\jlurobot\pcl 1.8.1\3rdparty\boost\include\boost-1_64\boost\bind\placeholders.hpp(51): note: 参见对正在编译的 类 模板 实例化 "boost::arg<6>" 的引用
  c:\users\jlurobot\pcl 1.8.1\3rdparty\boost\include\boost-1_64\boost\bind\placeholders.hpp(50): note: 参见对正在编译的 类 模板 实例化 "boost::arg<5>" 的引用
  c:\users\jlurobot\pcl 1.8.1\3rdparty\boost\include\boost-1_64\boost\bind\placeholders.hpp(49): note: 参见对正在编译的 类 模板 实例化 "boost::arg<4>" 的引用
  c:\users\jlurobot\pcl 1.8.1\3rdparty\boost\include\boost-1_64\boost\bind\placeholders.hpp(48): note: 参见对正在编译的 类 模板 实例化 "boost::arg<3>" 的引用
  c:\users\jlurobot\pcl 1.8.1\3rdparty\boost\include\boost-1_64\boost\bind\placeholders.hpp(47): note: 参见对正在编译的 类 模板 实例化 "boost::arg<2>" 的引用
  c:\users\jlurobot\pcl 1.8.1\3rdparty\boost\include\boost-1_64\boost\bind\placeholders.hpp(46): note: 参见对正在编译的 类 模板 实例化 "boost::arg<1>" 的引用
c:\users\jlurobot\pcl 1.8.1\3rdparty\boost\include\boost-1_64\boost\typeof\msvc\typeof_impl.hpp(125): error C2143: 语法错误: 缺少“;”(在“<”的前面)
c:\users\jlurobot\pcl 1.8.1\3rdparty\boost\include\boost-1_64\boost\typeof\msvc\typeof_impl.hpp(125): error C2913: 显式专用化；“boost::type_of::id2type_impl”不是类模板的专用化
c:\users\jlurobot\pcl 1.8.1\3rdparty\boost\include\boost-1_64\boost\typeof\msvc\typeof_impl.hpp(125): error C2059: 语法错误:“<”
c:\users\jlurobot\pcl 1.8.1\3rdparty\boost\include\boost-1_64\boost\typeof\msvc\typeof_impl.hpp(126): error C2334: “{”的前面有意外标记；跳过明显的函数体
c:\users\jlurobot\pcl 1.8.1\include\pcl-1.8\pcl\visualization\interactor_style.h : warning C4819: 该文件包含不能在当前代码页(936)中表示的字符。请将该文件保存为 Unicode 格式以防止数据丢失
c:\users\jlurobot\pcl 1.8.1\include\pcl-1.8\pcl\visualization\pcl_visualizer.h(1584): warning C4819: 该文件包含不能在当前代码页(936)中表示的字符。请将该文件保存为 Unicode 格式以防止数据丢失
c:\users\jlurobot\source\repos\multilidarcalib\multilidarcalib\multilidarcalib.cpp(91): error C4996: 'pcl::ConditionalRemoval<pcl::PointXYZ>::ConditionalRemoval': ConditionalRemoval(ConditionBasePtr condition, bool extract_removed_indices = false) is deprecated, please use the setCondition (ConditionBasePtr condition) function instead.
  c:\users\jlurobot\pcl 1.8.1\include\pcl-1.8\pcl\filters\conditional_removal.h(630): note: 参见“pcl::ConditionalRemoval<pcl::PointXYZ>::ConditionalRemoval”的声明
